7 [140475114437760] INFO perfrun.launcher <> - Launcher main begin
7 [140475114437760] INFO perfrun.launcher <> - MessageCatalogInit finished
7 [140475114437760] INFO perfrun.launcher <> - Launcher instance created
7 [140475114437760] INFO perfrun.launcher <> - argc = 7; cmdline = /opt/intel/oneapi/vtune/2023.0.0/bin64/amplxe-runss --ui-output-format xml --ui-output-fd 5 --option-file /home/lucas/Documents/Vectorization-AVX/AVX_Project/r002hs/config/runss.options 
32 [140475114437760] INFO perfrun.launcher <> - create msngr2::ICliToolContext
32 [140475114437760] INFO perfrun.launcher <> - create file finder object
32 [140475114437760] INFO perfrun.launcher <> - create a result directory: pattern = /home/lucas/Documents/Vectorization-AVX/AVX_Project/r002hs pid = 4294967295
54 [140475114437760] INFO perfrun.sdk <> - checked that the directory /home/lucas/Documents/Vectorization-AVX/AVX_Project/r002hs is a local directory
54 [140475114437760] INFO perfrun.sdk <> - the directory /home/lucas/Documents/Vectorization-AVX/AVX_Project/r002hs is a local directory with FS type ID 61267
55 [140475114437760] INFO perfrun.launcher <> - create data directory = /home/lucas/Documents/Vectorization-AVX/AVX_Project/r002hs/data.0
55 [140475114437760] INFO perfrun.launcher <> - Creating the master collection flag
77 [140475114437760] INFO perfrun.launcher <> - Done creating the master collection flag
99 [140474962667072] INFO perfrun.launcher <> - plugin [remoteplug] was disabled because it doesn't support the given collection type.
99 [140474962667072] INFO perfrun.sdk <> - Allocating TMU :/home/lucas/Documents/Vectorization-AVX/AVX_Project/r002hs/data.0/systemcollector-16186-lucas-System-Product-Name.sc
100 [140474962667072] INFO perfrun.system <> - Tpss based collection
100 [140474962667072] INFO perfrun.launcher <> - plugin [ptracecollector] was disabled because it doesn't support the given collection type.
100 [140474962667072] INFO perfrun.launcher <> - plugin [gpu] was disabled because it doesn't support the given collection type.
100 [140474962667072] INFO perfrun.launcher <> - plugin [] was disabled because it doesn't support the given collection type.
100 [140474962667072] INFO perfrun.launcher <> - plugin [] was disabled because it doesn't support the given collection type.
100 [140474962667072] INFO perfrun.launcher <> - plugin [] was disabled because it doesn't support the given collection type.
100 [140474962667072] INFO perfrun.mrte <> - system-wide mode is 0
100 [140474962667072] INFO perfrun.mrte <> - Getting  mrte profiling environment ...
108 [140474962667072] INFO perfrun.mrte <> - INTEL_MRTE_DATA_DIR=/home/lucas/Documents/Vectorization-AVX/AVX_Project/r002hs/data.0
108 [140474962667072] INFO perfrun.mrte <> - INTEL_MRTE_HOST_NAME=lucas-System-Product-Name
108 [140474962667072] INFO perfrun.mrte <> - JAVA_TOOL_OPTIONS=-agentlib:amplxe_tpssmrte_javaprof_1.0 -Dsun.boot.library.path=/opt/intel/oneapi/vtune/2023.0.0/lib32/runtime:/opt/intel/oneapi/vtune/2023.0.0/lib64/runtime
108 [140474962667072] INFO perfrun.mrte <> - LD_LIBRARY_PATH=/opt/intel/oneapi/vtune/2023.0.0/lib32/runtime:/opt/intel/oneapi/vtune/2023.0.0/lib64/runtime
108 [140474962667072] INFO perfrun.mrte <> - CORECLR_ENABLE_PROFILING=1
108 [140474962667072] INFO perfrun.mrte <> - CORECLR_PROFILER={AA5E4821-E3B1-479c-B7FF-5AD047D22CED}
108 [140474962667072] INFO perfrun.mrte <> - CORECLR_PROFILER_PATH=/opt/intel/oneapi/vtune/2023.0.0/lib64/libamplxe_samplingmrte_clrprof_1.0.so
108 [140474962667072] INFO perfrun.mrte <> - INTEL_MRTE_PROFILER_MODE=mixed
108 [140474962667072] INFO perfrun.mrte <> - Data directory: /home/lucas/Documents/Vectorization-AVX/AVX_Project/r002hs/data.0
108 [140474962667072] INFO perfrun.mrte <> - Mrte plugin is initialized
108 [140474962667072] INFO perfrun.launcher <> - plugin [emon] was disabled because it doesn't support the given collection type.
108 [140474962667072] INFO perfrun.launcher <> - plugin [cuscol] was disabled because it doesn't support the given collection type.
108 [140474962667072] INFO perfrun.launcher <> - plugin [stdsrc] was disabled because it doesn't support the given collection type.
108 [140474962667072] INFO perfrun.launcher <> - plugin [sep] was disabled because it doesn't support the given collection type.
108 [140474962667072] INFO perfrun.launcher <> - plugin [vtsspp] was disabled because it doesn't support the given collection type.
108 [140474962667072] INFO perfrun.sdk <> - Reading value (4) from file: /proc/sys/kernel/perf_event_paranoid
108 [140474962667072] INFO perfrun.perfcollector <> - cpu: family = 6 model = 165
108 [140474962667072] INFO perfrun.perfcollector <> - dir found: /sys/bus/event_source/devices/software
108 [140474962667072] WARN perfrun.perfcollector <> - format subdir doesn't exist, at file: vcs/perfrun1/plugins/perfcollector/src/controller.cpp:719
108 [140474962667072] WARN perfrun.perfcollector <> - pmu hwInfo is not set, pmuFam: software, at file: vcs/perfrun1/plugins/perfcollector/src/controller.cpp:828
108 [140474962667072] INFO perfrun.perfcollector <> - pmu added: family: software, id: 0
108 [140474962667072] INFO perfrun.perfcollector <> - dir found: /sys/bus/event_source/devices/power
108 [140474962667072] INFO perfrun.perfcollector <> - format: event config:0-7 mask:0-7
108 [140474962667072] WARN perfrun.perfcollector <> - pmu hwInfo is not set, pmuFam: power, at file: vcs/perfrun1/plugins/perfcollector/src/controller.cpp:828
108 [140474962667072] INFO perfrun.perfcollector <> - pmu added: family: power, id: 0
108 [140474962667072] INFO perfrun.perfcollector <> - dir found: /sys/bus/event_source/devices/uncore_cbox_4
108 [140474962667072] INFO perfrun.perfcollector <> - format: event config:0-7 mask:0-7
108 [140474962667072] INFO perfrun.perfcollector <> - format: edge config:18 mask:18
108 [140474962667072] INFO perfrun.perfcollector <> - format: inv config:23 mask:23
108 [140474962667072] INFO perfrun.perfcollector <> - format: umask config:8-15 mask:8-15
109 [140474962667072] INFO perfrun.perfcollector <> - format: cmask config:24-28 mask:24-28
109 [140474962667072] INFO perfrun.perfcollector <> - hwInfo: PERF_CBOX_PMU_DETAILS
109 [140474962667072] INFO perfrun.perfcollector <> - pmu added: family: uncore_cbox, id: 4
109 [140474962667072] INFO perfrun.perfcollector <> - dir found: /sys/bus/event_source/devices/uprobe
109 [140474962667072] INFO perfrun.perfcollector <> - format: ref_ctr_offset config:32-63 mask:32-63
109 [140474962667072] INFO perfrun.perfcollector <> - format: retprobe config:0 mask:0
109 [140474962667072] WARN perfrun.perfcollector <> - pmu hwInfo is not set, pmuFam: uprobe, at file: vcs/perfrun1/plugins/perfcollector/src/controller.cpp:828
109 [140474962667072] INFO perfrun.perfcollector <> - pmu added: family: uprobe, id: 0
109 [140474962667072] INFO perfrun.perfcollector <> - dir found: /sys/bus/event_source/devices/intel_bts
109 [140474962667072] WARN perfrun.perfcollector <> - format subdir doesn't exist, at file: vcs/perfrun1/plugins/perfcollector/src/controller.cpp:719
109 [140474962667072] WARN perfrun.perfcollector <> - pmu hwInfo is not set, pmuFam: intel_bts, at file: vcs/perfrun1/plugins/perfcollector/src/controller.cpp:828
109 [140474962667072] INFO perfrun.perfcollector <> - pmu added: family: intel_bts, id: 0
109 [140474962667072] INFO perfrun.perfcollector <> - dir found: /sys/bus/event_source/devices/uncore_imc
109 [140474962667072] INFO perfrun.perfcollector <> - format: event config:0-7 mask:0-7
109 [140474962667072] INFO perfrun.perfcollector <> - hwInfo: PERF_IMC_PMU_DETAILS
109 [140474962667072] INFO perfrun.perfcollector <> - pmu added: family: uncore_imc, id: 0
109 [140474962667072] INFO perfrun.perfcollector <> - dir found: /sys/bus/event_source/devices/cpu
109 [140474962667072] INFO perfrun.perfcollector <> - format: event config:0-7 mask:0-7
109 [140474962667072] INFO perfrun.perfcollector <> - format: pc config:19 mask:19
109 [140474962667072] INFO perfrun.perfcollector <> - format: edge config:18 mask:18
109 [140474962667072] INFO perfrun.perfcollector <> - format: any config:21 mask:21
109 [140474962667072] INFO perfrun.perfcollector <> - format: offcore_rsp config1:0-63 mask:0-63
109 [140474962667072] INFO perfrun.perfcollector <> - format: ldlat config1:0-15 mask:0-15
109 [140474962667072] INFO perfrun.perfcollector <> - format: inv config:23 mask:23
109 [140474962667072] INFO perfrun.perfcollector <> - format: umask config:8-15 mask:8-15
109 [140474962667072] INFO perfrun.perfcollector <> - format: frontend config1:0-23 mask:0-23
109 [140474962667072] INFO perfrun.perfcollector <> - format: cmask config:24-31 mask:24-31
109 [140474962667072] INFO perfrun.perfcollector <> - hwInfo: PERF_CPU_PMU_DETAILS
109 [140474962667072] INFO perfrun.perfcollector <> - pmu added: family: cpu, id: 0
109 [140474962667072] INFO perfrun.perfcollector <> - dir found: /sys/bus/event_source/devices/cstate_core
109 [140474962667072] INFO perfrun.perfcollector <> - format: event config:0-63 mask:0-63
109 [140474962667072] WARN perfrun.perfcollector <> - pmu hwInfo is not set, pmuFam: cstate_core, at file: vcs/perfrun1/plugins/perfcollector/src/controller.cpp:828
109 [140474962667072] INFO perfrun.perfcollector <> - pmu added: family: cstate_core, id: 0
109 [140474962667072] INFO perfrun.perfcollector <> - dir found: /sys/bus/event_source/devices/uncore_cbox_2
109 [140474962667072] INFO perfrun.perfcollector <> - format: event config:0-7 mask:0-7
109 [140474962667072] INFO perfrun.perfcollector <> - format: edge config:18 mask:18
109 [140474962667072] INFO perfrun.perfcollector <> - format: inv config:23 mask:23
109 [140474962667072] INFO perfrun.perfcollector <> - format: umask config:8-15 mask:8-15
109 [140474962667072] INFO perfrun.perfcollector <> - format: cmask config:24-28 mask:24-28
109 [140474962667072] INFO perfrun.perfcollector <> - hwInfo: PERF_CBOX_PMU_DETAILS
109 [140474962667072] INFO perfrun.perfcollector <> - pmu added: family: uncore_cbox, id: 2
109 [140474962667072] INFO perfrun.perfcollector <> - dir found: /sys/bus/event_source/devices/breakpoint
109 [140474962667072] WARN perfrun.perfcollector <> - format subdir doesn't exist, at file: vcs/perfrun1/plugins/perfcollector/src/controller.cpp:719
109 [140474962667072] WARN perfrun.perfcollector <> - pmu hwInfo is not set, pmuFam: breakpoint, at file: vcs/perfrun1/plugins/perfcollector/src/controller.cpp:828
109 [140474962667072] INFO perfrun.perfcollector <> - pmu added: family: breakpoint, id: 0
109 [140474962667072] INFO perfrun.perfcollector <> - dir found: /sys/bus/event_source/devices/uncore_cbox_0
109 [140474962667072] INFO perfrun.perfcollector <> - format: event config:0-7 mask:0-7
109 [140474962667072] INFO perfrun.perfcollector <> - format: edge config:18 mask:18
109 [140474962667072] INFO perfrun.perfcollector <> - format: inv config:23 mask:23
109 [140474962667072] INFO perfrun.perfcollector <> - format: umask config:8-15 mask:8-15
109 [140474962667072] INFO perfrun.perfcollector <> - format: cmask config:24-28 mask:24-28
109 [140474962667072] INFO perfrun.perfcollector <> - hwInfo: PERF_CBOX_PMU_DETAILS
109 [140474962667072] INFO perfrun.perfcollector <> - pmu added: family: uncore_cbox, id: 0
109 [140474962667072] INFO perfrun.perfcollector <> - dir found: /sys/bus/event_source/devices/tracepoint
109 [140474962667072] WARN perfrun.perfcollector <> - format subdir doesn't exist, at file: vcs/perfrun1/plugins/perfcollector/src/controller.cpp:719
109 [140474962667072] WARN perfrun.perfcollector <> - pmu hwInfo is not set, pmuFam: tracepoint, at file: vcs/perfrun1/plugins/perfcollector/src/controller.cpp:828
109 [140474962667072] INFO perfrun.perfcollector <> - pmu added: family: tracepoint, id: 0
109 [140474962667072] INFO perfrun.perfcollector <> - dir found: /sys/bus/event_source/devices/cstate_pkg
109 [140474962667072] INFO perfrun.perfcollector <> - format: event config:0-63 mask:0-63
109 [140474962667072] WARN perfrun.perfcollector <> - pmu hwInfo is not set, pmuFam: cstate_pkg, at file: vcs/perfrun1/plugins/perfcollector/src/controller.cpp:828
109 [140474962667072] INFO perfrun.perfcollector <> - pmu added: family: cstate_pkg, id: 0
109 [140474962667072] INFO perfrun.perfcollector <> - dir found: /sys/bus/event_source/devices/uncore_arb
109 [140474962667072] INFO perfrun.perfcollector <> - format: event config:0-7 mask:0-7
109 [140474962667072] INFO perfrun.perfcollector <> - format: edge config:18 mask:18
109 [140474962667072] INFO perfrun.perfcollector <> - format: inv config:23 mask:23
109 [140474962667072] INFO perfrun.perfcollector <> - format: umask config:8-15 mask:8-15
109 [140474962667072] INFO perfrun.perfcollector <> - format: cmask config:24-28 mask:24-28
109 [140474962667072] WARN perfrun.perfcollector <> - pmu hwInfo is not set, pmuFam: uncore_arb, at file: vcs/perfrun1/plugins/perfcollector/src/controller.cpp:828
109 [140474962667072] INFO perfrun.perfcollector <> - pmu added: family: uncore_arb, id: 0
109 [140474962667072] INFO perfrun.perfcollector <> - dir found: /sys/bus/event_source/devices/kprobe
109 [140474962667072] INFO perfrun.perfcollector <> - format: retprobe config:0 mask:0
109 [140474962667072] WARN perfrun.perfcollector <> - pmu hwInfo is not set, pmuFam: kprobe, at file: vcs/perfrun1/plugins/perfcollector/src/controller.cpp:828
109 [140474962667072] INFO perfrun.perfcollector <> - pmu added: family: kprobe, id: 0
109 [140474962667072] INFO perfrun.perfcollector <> - dir found: /sys/bus/event_source/devices/uncore_cbox_5
109 [140474962667072] INFO perfrun.perfcollector <> - format: event config:0-7 mask:0-7
109 [140474962667072] INFO perfrun.perfcollector <> - format: edge config:18 mask:18
109 [140474962667072] INFO perfrun.perfcollector <> - format: inv config:23 mask:23
109 [140474962667072] INFO perfrun.perfcollector <> - format: umask config:8-15 mask:8-15
110 [140474962667072] INFO perfrun.perfcollector <> - format: cmask config:24-28 mask:24-28
110 [140474962667072] INFO perfrun.perfcollector <> - hwInfo: PERF_CBOX_PMU_DETAILS
110 [140474962667072] INFO perfrun.perfcollector <> - pmu added: family: uncore_cbox, id: 5
110 [140474962667072] INFO perfrun.perfcollector <> - dir found: /sys/bus/event_source/devices/msr
110 [140474962667072] INFO perfrun.perfcollector <> - format: event config:0-63 mask:0-63
110 [140474962667072] WARN perfrun.perfcollector <> - pmu hwInfo is not set, pmuFam: msr, at file: vcs/perfrun1/plugins/perfcollector/src/controller.cpp:828
110 [140474962667072] INFO perfrun.perfcollector <> - pmu added: family: msr, id: 0
110 [140474962667072] INFO perfrun.perfcollector <> - dir found: /sys/bus/event_source/devices/uncore_cbox_3
110 [140474962667072] INFO perfrun.perfcollector <> - format: event config:0-7 mask:0-7
110 [140474962667072] INFO perfrun.perfcollector <> - format: edge config:18 mask:18
110 [140474962667072] INFO perfrun.perfcollector <> - format: inv config:23 mask:23
110 [140474962667072] INFO perfrun.perfcollector <> - format: umask config:8-15 mask:8-15
110 [140474962667072] INFO perfrun.perfcollector <> - format: cmask config:24-28 mask:24-28
110 [140474962667072] INFO perfrun.perfcollector <> - hwInfo: PERF_CBOX_PMU_DETAILS
110 [140474962667072] INFO perfrun.perfcollector <> - pmu added: family: uncore_cbox, id: 3
110 [140474962667072] INFO perfrun.perfcollector <> - dir found: /sys/bus/event_source/devices/intel_pt
110 [140474962667072] INFO perfrun.perfcollector <> - format: ptw config:12 mask:12
110 [140474962667072] INFO perfrun.perfcollector <> - format: cyc_thresh config:19-22 mask:19-22
110 [140474962667072] INFO perfrun.perfcollector <> - format: pt config:0 mask:0
110 [140474962667072] INFO perfrun.perfcollector <> - format: branch config:13 mask:13
110 [140474962667072] INFO perfrun.perfcollector <> - format: tsc config:10 mask:10
110 [140474962667072] INFO perfrun.perfcollector <> - format: pwr_evt config:4 mask:4
110 [140474962667072] INFO perfrun.perfcollector <> - format: fup_on_ptw config:5 mask:5
110 [140474962667072] INFO perfrun.perfcollector <> - format: cyc config:1 mask:1
110 [140474962667072] INFO perfrun.perfcollector <> - format: noretcomp config:11 mask:11
110 [140474962667072] INFO perfrun.perfcollector <> - format: mtc config:9 mask:9
110 [140474962667072] INFO perfrun.perfcollector <> - format: psb_period config:24-27 mask:24-27
110 [140474962667072] INFO perfrun.perfcollector <> - format: mtc_period config:14-17 mask:14-17
110 [140474962667072] WARN perfrun.perfcollector <> - pmu hwInfo is not set, pmuFam: intel_pt, at file: vcs/perfrun1/plugins/perfcollector/src/controller.cpp:828
110 [140474962667072] INFO perfrun.perfcollector <> - pmu added: family: intel_pt, id: 0
110 [140474962667072] INFO perfrun.perfcollector <> - dir found: /sys/bus/event_source/devices/uncore_cbox_1
110 [140474962667072] INFO perfrun.perfcollector <> - format: event config:0-7 mask:0-7
110 [140474962667072] INFO perfrun.perfcollector <> - format: edge config:18 mask:18
110 [140474962667072] INFO perfrun.perfcollector <> - format: inv config:23 mask:23
110 [140474962667072] INFO perfrun.perfcollector <> - format: umask config:8-15 mask:8-15
110 [140474962667072] INFO perfrun.perfcollector <> - format: cmask config:24-28 mask:24-28
110 [140474962667072] INFO perfrun.perfcollector <> - hwInfo: PERF_CBOX_PMU_DETAILS
110 [140474962667072] INFO perfrun.perfcollector <> - pmu added: family: uncore_cbox, id: 1
110 [140474962667072] INFO perfrun.perfcollector <> - checking access to: /opt/intel/oneapi/vtune/2023.0.0/bin64/amplxe-perf-priv
110 [140474962667072] INFO perfrun.sdk <> - runCmd: /opt/intel/oneapi/vtune/2023.0.0/bin64/sep -dry-run -sam 1 -ec CPU_CLK_UNHALTED.THREAD,CPU_CLK_UNHALTED.REF_TSC:sample:sa=2900000,INST_RETIRED.ANY:sample:sa=2900000,CPU_CLK_UNHALTED.REF_XCLK,CPU_CLK_UNHALTED.ONE_THREAD_ACTIVE,FP_ARITH_INST_RETIRED.SCALAR_SINGLE,FP_ARITH_INST_RETIRED.128B_PACKED_SINGLE,FP_ARITH_INST_RETIRED.256B_PACKED_SINGLE,FP_ARITH_INST_RETIRED.SCALAR_DOUBLE,FP_ARITH_INST_RETIRED.128B_PACKED_DOUBLE,FP_ARITH_INST_RETIRED.256B_PACKED_DOUBLE,UOPS_EXECUTED.X87,UOPS_RETIRED.RETIRE_SLOTS:sample:sa=2000003,UOPS_EXECUTED.THREAD -experimental
110 [140474962667072] INFO perfrun.sdk <> - runCmd started PID 16190
116 [140474962667072] INFO perfrun.perfcollector <> - SepDryRun RC = true
117 [140474962667072] INFO perfrun.perfcollector <> - DRY_RUN: "PMU type: Core (core)"
117 [140474962667072] INFO perfrun.perfcollector <> - pmu type: cpu
117 [140474962667072] INFO perfrun.perfcollector <> - DRY_RUN: "Group 0:"
117 [140474962667072] INFO perfrun.perfcollector <> - id: 0
117 [140474962667072] INFO perfrun.perfcollector <> - DRY_RUN: "INST_RETIRED.ANY: event id 2"
117 [140474962667072] INFO perfrun.perfcollector <> - eventName: INST_RETIRED.ANY, eventId: 2
117 [140474962667072] INFO perfrun.perfcollector <> - DRY_RUN: "CPU_CLK_UNHALTED.THREAD: event id 0"
117 [140474962667072] INFO perfrun.perfcollector <> - eventName: CPU_CLK_UNHALTED.THREAD, eventId: 0
117 [140474962667072] INFO perfrun.perfcollector <> - DRY_RUN: "CPU_CLK_UNHALTED.REF_TSC: event id 1"
117 [140474962667072] INFO perfrun.perfcollector <> - eventName: CPU_CLK_UNHALTED.REF_TSC, eventId: 1
117 [140474962667072] INFO perfrun.perfcollector <> - DRY_RUN: "CPU_CLK_UNHALTED.REF_XCLK: event id 3"
117 [140474962667072] INFO perfrun.perfcollector <> - eventName: CPU_CLK_UNHALTED.REF_XCLK, eventId: 3
117 [140474962667072] INFO perfrun.perfcollector <> - DRY_RUN: "CPU_CLK_UNHALTED.ONE_THREAD_ACTIVE: event id 4"
117 [140474962667072] INFO perfrun.perfcollector <> - eventName: CPU_CLK_UNHALTED.ONE_THREAD_ACTIVE, eventId: 4
117 [140474962667072] INFO perfrun.perfcollector <> - DRY_RUN: "FP_ARITH_INST_RETIRED.SCALAR_SINGLE: event id 5"
117 [140474962667072] INFO perfrun.perfcollector <> - eventName: FP_ARITH_INST_RETIRED.SCALAR_SINGLE, eventId: 5
117 [140474962667072] INFO perfrun.perfcollector <> - DRY_RUN: "FP_ARITH_INST_RETIRED.128B_PACKED_SINGLE: event id 6"
117 [140474962667072] INFO perfrun.perfcollector <> - eventName: FP_ARITH_INST_RETIRED.128B_PACKED_SINGLE, eventId: 6
117 [140474962667072] INFO perfrun.perfcollector <> - DRY_RUN: "CCCR"
117 [140474962667072] INFO perfrun.perfcollector <> - DRY_RUN: "reg_type       = 1	event_id       = g	reg_id         = 38f	reg_value      = 70000000f"
117 [140474962667072] INFO perfrun.perfcollector <> - eventId: g, skip parsing event_id
117 [140474962667072] INFO perfrun.perfcollector <> - Register was ignored: group_id: 0, reg_type: 1, event_id: 4294967295, reg_id: 38f, reg_value: 70000000f, pmu_name: cpu
117 [140474962667072] INFO perfrun.perfcollector <> - DRY_RUN: "reg_type       = 1	event_id       = g	reg_id         = 390	reg_value      = 70000000f"
117 [140474962667072] INFO perfrun.perfcollector <> - eventId: g, skip parsing event_id
117 [140474962667072] INFO perfrun.perfcollector <> - Register was ignored: group_id: 0, reg_type: 1, event_id: 4294967295, reg_id: 390, reg_value: 70000000f, pmu_name: cpu
117 [140474962667072] INFO perfrun.perfcollector <> - DRY_RUN: "reg_type       = 1	event_id       = g	reg_id         = 3f1	reg_value      = 0"
117 [140474962667072] INFO perfrun.perfcollector <> - eventId: g, skip parsing event_id
117 [140474962667072] INFO perfrun.perfcollector <> - Register was ignored: group_id: 0, reg_type: 1, event_id: 4294967295, reg_id: 3f1, reg_value: 0, pmu_name: cpu
117 [140474962667072] INFO perfrun.perfcollector <> - DRY_RUN: "reg_type       = 1	event_id       = g	reg_id         = 1d9	reg_value      = 1800"
117 [140474962667072] INFO perfrun.perfcollector <> - eventId: g, skip parsing event_id
117 [140474962667072] INFO perfrun.perfcollector <> - Register was ignored: group_id: 0, reg_type: 1, event_id: 4294967295, reg_id: 1d9, reg_value: 1800, pmu_name: cpu
117 [140474962667072] INFO perfrun.perfcollector <> - DRY_RUN: "reg_type       = 1	event_id       = g	reg_id         = 38d	reg_value      = bbb"
117 [140474962667072] INFO perfrun.perfcollector <> - eventId: g, skip parsing event_id
117 [140474962667072] INFO perfrun.perfcollector <> - Register was ignored: group_id: 0, reg_type: 1, event_id: 4294967295, reg_id: 38d, reg_value: bbb, pmu_name: cpu
117 [140474962667072] INFO perfrun.perfcollector <> - DRY_RUN: "reg_type       = 1	event_id       = 3	reg_id         = 186	reg_value      = 53013c"
117 [140474962667072] INFO perfrun.perfcollector <> - Event selector: group_id: 0, reg_type: 1, event_id: 3, reg_id: 186, reg_value: 53013c, pmu_name: cpu
117 [140474962667072] INFO perfrun.perfcollector <> - DRY_RUN: "reg_type       = 1	event_id       = 4	reg_id         = 187	reg_value      = 53023c"
117 [140474962667072] INFO perfrun.perfcollector <> - Event selector: group_id: 0, reg_type: 1, event_id: 4, reg_id: 187, reg_value: 53023c, pmu_name: cpu
117 [140474962667072] INFO perfrun.perfcollector <> - DRY_RUN: "reg_type       = 1	event_id       = 5	reg_id         = 188	reg_value      = 5302c7"
117 [140474962667072] INFO perfrun.perfcollector <> - Event selector: group_id: 0, reg_type: 1, event_id: 5, reg_id: 188, reg_value: 5302c7, pmu_name: cpu
117 [140474962667072] INFO perfrun.perfcollector <> - DRY_RUN: "reg_type       = 1	event_id       = 6	reg_id         = 189	reg_value      = 5308c7"
117 [140474962667072] INFO perfrun.perfcollector <> - Event selector: group_id: 0, reg_type: 1, event_id: 6, reg_id: 189, reg_value: 5308c7, pmu_name: cpu
117 [140474962667072] INFO perfrun.perfcollector <> - DRY_RUN: "ESCR"
117 [140474962667072] INFO perfrun.perfcollector <> - DRY_RUN: "reg_type       = 2	event_id       = g	reg_id         = 1c8	reg_value      = 0"
117 [140474962667072] INFO perfrun.perfcollector <> - eventId: g, skip parsing event_id
117 [140474962667072] INFO perfrun.perfcollector <> - DRY_RUN: "DATA"
117 [140474962667072] INFO perfrun.perfcollector <> - DRY_RUN: "reg_type       = 4	event_id       = 2	reg_id         = 309	reg_value      = ffffffd3bfe0"
117 [140474962667072] INFO perfrun.perfcollector <> - eventId: 2, dataAddr: 309, dataVal: ffffffd3bfe0
117 [140474962667072] INFO perfrun.perfcollector <> - DRY_RUN: "reg_type       = 4	event_id       = 0	reg_id         = 30a	reg_value      = ffffffe17b7d"
117 [140474962667072] INFO perfrun.perfcollector <> - eventId: 0, dataAddr: 30a, dataVal: ffffffe17b7d
117 [140474962667072] INFO perfrun.perfcollector <> - DRY_RUN: "reg_type       = 4	event_id       = 1	reg_id         = 30b	reg_value      = ffffffd3bfe0"
117 [140474962667072] INFO perfrun.perfcollector <> - eventId: 1, dataAddr: 30b, dataVal: ffffffd3bfe0
117 [140474962667072] INFO perfrun.perfcollector <> - DRY_RUN: "reg_type       = 4	event_id       = 3	reg_id         = c1	reg_value      = ffffffff9e55"
117 [140474962667072] INFO perfrun.perfcollector <> - eventId: 3, dataAddr: c1, dataVal: ffffffff9e55
117 [140474962667072] INFO perfrun.perfcollector <> - DRY_RUN: "reg_type       = 4	event_id       = 4	reg_id         = c2	reg_value      = ffffffff9e55"
117 [140474962667072] INFO perfrun.perfcollector <> - eventId: 4, dataAddr: c2, dataVal: ffffffff9e55
117 [140474962667072] INFO perfrun.perfcollector <> - DRY_RUN: "reg_type       = 4	event_id       = 5	reg_id         = c3	reg_value      = ffffffe17b7d"
117 [140474962667072] INFO perfrun.perfcollector <> - eventId: 5, dataAddr: c3, dataVal: ffffffe17b7d
117 [140474962667072] INFO perfrun.perfcollector <> - DRY_RUN: "reg_type       = 4	event_id       = 6	reg_id         = c4	reg_value      = ffffffe17b7d"
117 [140474962667072] INFO perfrun.perfcollector <> - eventId: 6, dataAddr: c4, dataVal: ffffffe17b7d
117 [140474962667072] INFO perfrun.perfcollector <> - DRY_RUN: "Group 1:"
117 [140474962667072] INFO perfrun.perfcollector <> - id: 1
117 [140474962667072] INFO perfrun.perfcollector <> - DRY_RUN: "INST_RETIRED.ANY: event id 2"
117 [140474962667072] INFO perfrun.perfcollector <> - eventName: INST_RETIRED.ANY, eventId: 2
117 [140474962667072] INFO perfrun.perfcollector <> - DRY_RUN: "CPU_CLK_UNHALTED.THREAD: event id 0"
117 [140474962667072] INFO perfrun.perfcollector <> - eventName: CPU_CLK_UNHALTED.THREAD, eventId: 0
117 [140474962667072] INFO perfrun.perfcollector <> - DRY_RUN: "CPU_CLK_UNHALTED.REF_TSC: event id 1"
117 [140474962667072] INFO perfrun.perfcollector <> - eventName: CPU_CLK_UNHALTED.REF_TSC, eventId: 1
117 [140474962667072] INFO perfrun.perfcollector <> - DRY_RUN: "FP_ARITH_INST_RETIRED.256B_PACKED_SINGLE: event id 7"
117 [140474962667072] INFO perfrun.perfcollector <> - eventName: FP_ARITH_INST_RETIRED.256B_PACKED_SINGLE, eventId: 7
117 [140474962667072] INFO perfrun.perfcollector <> - DRY_RUN: "FP_ARITH_INST_RETIRED.SCALAR_DOUBLE: event id 8"
117 [140474962667072] INFO perfrun.perfcollector <> - eventName: FP_ARITH_INST_RETIRED.SCALAR_DOUBLE, eventId: 8
117 [140474962667072] INFO perfrun.perfcollector <> - DRY_RUN: "FP_ARITH_INST_RETIRED.128B_PACKED_DOUBLE: event id 9"
117 [140474962667072] INFO perfrun.perfcollector <> - eventName: FP_ARITH_INST_RETIRED.128B_PACKED_DOUBLE, eventId: 9
117 [140474962667072] INFO perfrun.perfcollector <> - DRY_RUN: "FP_ARITH_INST_RETIRED.256B_PACKED_DOUBLE: event id 10"
117 [140474962667072] INFO perfrun.perfcollector <> - eventName: FP_ARITH_INST_RETIRED.256B_PACKED_DOUBLE, eventId: 10
117 [140474962667072] INFO perfrun.perfcollector <> - DRY_RUN: "CCCR"
117 [140474962667072] INFO perfrun.perfcollector <> - DRY_RUN: "reg_type       = 1	event_id       = g	reg_id         = 38f	reg_value      = 70000000f"
118 [140474962667072] INFO perfrun.perfcollector <> - eventId: g, skip parsing event_id
118 [140474962667072] INFO perfrun.perfcollector <> - Register was ignored: group_id: 1, reg_type: 1, event_id: 4294967295, reg_id: 38f, reg_value: 70000000f, pmu_name: cpu
118 [140474962667072] INFO perfrun.perfcollector <> - DRY_RUN: "reg_type       = 1	event_id       = g	reg_id         = 390	reg_value      = 70000000f"
118 [140474962667072] INFO perfrun.perfcollector <> - eventId: g, skip parsing event_id
118 [140474962667072] INFO perfrun.perfcollector <> - Register was ignored: group_id: 1, reg_type: 1, event_id: 4294967295, reg_id: 390, reg_value: 70000000f, pmu_name: cpu
118 [140474962667072] INFO perfrun.perfcollector <> - DRY_RUN: "reg_type       = 1	event_id       = g	reg_id         = 3f1	reg_value      = 0"
118 [140474962667072] INFO perfrun.perfcollector <> - eventId: g, skip parsing event_id
118 [140474962667072] INFO perfrun.perfcollector <> - Register was ignored: group_id: 1, reg_type: 1, event_id: 4294967295, reg_id: 3f1, reg_value: 0, pmu_name: cpu
118 [140474962667072] INFO perfrun.perfcollector <> - DRY_RUN: "reg_type       = 1	event_id       = g	reg_id         = 1d9	reg_value      = 1800"
118 [140474962667072] INFO perfrun.perfcollector <> - eventId: g, skip parsing event_id
118 [140474962667072] INFO perfrun.perfcollector <> - Register was ignored: group_id: 1, reg_type: 1, event_id: 4294967295, reg_id: 1d9, reg_value: 1800, pmu_name: cpu
118 [140474962667072] INFO perfrun.perfcollector <> - DRY_RUN: "reg_type       = 1	event_id       = g	reg_id         = 38d	reg_value      = bbb"
118 [140474962667072] INFO perfrun.perfcollector <> - eventId: g, skip parsing event_id
118 [140474962667072] INFO perfrun.perfcollector <> - Register was ignored: group_id: 1, reg_type: 1, event_id: 4294967295, reg_id: 38d, reg_value: bbb, pmu_name: cpu
118 [140474962667072] INFO perfrun.perfcollector <> - DRY_RUN: "reg_type       = 1	event_id       = 7	reg_id         = 186	reg_value      = 5320c7"
118 [140474962667072] INFO perfrun.perfcollector <> - Event selector: group_id: 1, reg_type: 1, event_id: 7, reg_id: 186, reg_value: 5320c7, pmu_name: cpu
118 [140474962667072] INFO perfrun.perfcollector <> - DRY_RUN: "reg_type       = 1	event_id       = 8	reg_id         = 187	reg_value      = 5301c7"
118 [140474962667072] INFO perfrun.perfcollector <> - Event selector: group_id: 1, reg_type: 1, event_id: 8, reg_id: 187, reg_value: 5301c7, pmu_name: cpu
118 [140474962667072] INFO perfrun.perfcollector <> - DRY_RUN: "reg_type       = 1	event_id       = 9	reg_id         = 188	reg_value      = 5304c7"
118 [140474962667072] INFO perfrun.perfcollector <> - Event selector: group_id: 1, reg_type: 1, event_id: 9, reg_id: 188, reg_value: 5304c7, pmu_name: cpu
118 [140474962667072] INFO perfrun.perfcollector <> - DRY_RUN: "reg_type       = 1	event_id       = 10	reg_id         = 189	reg_value      = 5310c7"
118 [140474962667072] INFO perfrun.perfcollector <> - Event selector: group_id: 1, reg_type: 1, event_id: 10, reg_id: 189, reg_value: 5310c7, pmu_name: cpu
118 [140474962667072] INFO perfrun.perfcollector <> - DRY_RUN: "ESCR"
118 [140474962667072] INFO perfrun.perfcollector <> - DRY_RUN: "reg_type       = 2	event_id       = g	reg_id         = 1c8	reg_value      = 0"
118 [140474962667072] INFO perfrun.perfcollector <> - eventId: g, skip parsing event_id
118 [140474962667072] INFO perfrun.perfcollector <> - DRY_RUN: "DATA"
118 [140474962667072] INFO perfrun.perfcollector <> - DRY_RUN: "reg_type       = 4	event_id       = 2	reg_id         = 309	reg_value      = ffffffd3bfe0"
118 [140474962667072] INFO perfrun.perfcollector <> - eventId: 2, dataAddr: 309, dataVal: ffffffd3bfe0
118 [140474962667072] INFO perfrun.perfcollector <> - DRY_RUN: "reg_type       = 4	event_id       = 0	reg_id         = 30a	reg_value      = ffffffe17b7d"
118 [140474962667072] INFO perfrun.perfcollector <> - eventId: 0, dataAddr: 30a, dataVal: ffffffe17b7d
118 [140474962667072] INFO perfrun.perfcollector <> - DRY_RUN: "reg_type       = 4	event_id       = 1	reg_id         = 30b	reg_value      = ffffffd3bfe0"
118 [140474962667072] INFO perfrun.perfcollector <> - eventId: 1, dataAddr: 30b, dataVal: ffffffd3bfe0
118 [140474962667072] INFO perfrun.perfcollector <> - DRY_RUN: "reg_type       = 4	event_id       = 7	reg_id         = c1	reg_value      = ffffffe17b7d"
118 [140474962667072] INFO perfrun.perfcollector <> - eventId: 7, dataAddr: c1, dataVal: ffffffe17b7d
118 [140474962667072] INFO perfrun.perfcollector <> - DRY_RUN: "reg_type       = 4	event_id       = 8	reg_id         = c2	reg_value      = ffffffe17b7d"
118 [140474962667072] INFO perfrun.perfcollector <> - eventId: 8, dataAddr: c2, dataVal: ffffffe17b7d
118 [140474962667072] INFO perfrun.perfcollector <> - DRY_RUN: "reg_type       = 4	event_id       = 9	reg_id         = c3	reg_value      = ffffffe17b7d"
118 [140474962667072] INFO perfrun.perfcollector <> - eventId: 9, dataAddr: c3, dataVal: ffffffe17b7d
118 [140474962667072] INFO perfrun.perfcollector <> - DRY_RUN: "reg_type       = 4	event_id       = 10	reg_id         = c4	reg_value      = ffffffe17b7d"
118 [140474962667072] INFO perfrun.perfcollector <> - eventId: 10, dataAddr: c4, dataVal: ffffffe17b7d
118 [140474962667072] INFO perfrun.perfcollector <> - DRY_RUN: "Group 2:"
118 [140474962667072] INFO perfrun.perfcollector <> - id: 2
118 [140474962667072] INFO perfrun.perfcollector <> - DRY_RUN: "INST_RETIRED.ANY: event id 2"
118 [140474962667072] INFO perfrun.perfcollector <> - eventName: INST_RETIRED.ANY, eventId: 2
118 [140474962667072] INFO perfrun.perfcollector <> - DRY_RUN: "CPU_CLK_UNHALTED.THREAD: event id 0"
118 [140474962667072] INFO perfrun.perfcollector <> - eventName: CPU_CLK_UNHALTED.THREAD, eventId: 0
118 [140474962667072] INFO perfrun.perfcollector <> - DRY_RUN: "CPU_CLK_UNHALTED.REF_TSC: event id 1"
118 [140474962667072] INFO perfrun.perfcollector <> - eventName: CPU_CLK_UNHALTED.REF_TSC, eventId: 1
118 [140474962667072] INFO perfrun.perfcollector <> - DRY_RUN: "UOPS_EXECUTED.X87: event id 11"
118 [140474962667072] INFO perfrun.perfcollector <> - eventName: UOPS_EXECUTED.X87, eventId: 11
118 [140474962667072] INFO perfrun.perfcollector <> - DRY_RUN: "UOPS_RETIRED.RETIRE_SLOTS: event id 12"
118 [140474962667072] INFO perfrun.perfcollector <> - eventName: UOPS_RETIRED.RETIRE_SLOTS, eventId: 12
118 [140474962667072] INFO perfrun.perfcollector <> - DRY_RUN: "UOPS_EXECUTED.THREAD: event id 13"
118 [140474962667072] INFO perfrun.perfcollector <> - eventName: UOPS_EXECUTED.THREAD, eventId: 13
118 [140474962667072] INFO perfrun.perfcollector <> - DRY_RUN: "CCCR"
118 [140474962667072] INFO perfrun.perfcollector <> - DRY_RUN: "reg_type       = 1	event_id       = g	reg_id         = 38f	reg_value      = 700000007"
118 [140474962667072] INFO perfrun.perfcollector <> - eventId: g, skip parsing event_id
118 [140474962667072] INFO perfrun.perfcollector <> - Register was ignored: group_id: 2, reg_type: 1, event_id: 4294967295, reg_id: 38f, reg_value: 700000007, pmu_name: cpu
118 [140474962667072] INFO perfrun.perfcollector <> - DRY_RUN: "reg_type       = 1	event_id       = g	reg_id         = 390	reg_value      = 700000007"
118 [140474962667072] INFO perfrun.perfcollector <> - eventId: g, skip parsing event_id
118 [140474962667072] INFO perfrun.perfcollector <> - Register was ignored: group_id: 2, reg_type: 1, event_id: 4294967295, reg_id: 390, reg_value: 700000007, pmu_name: cpu
118 [140474962667072] INFO perfrun.perfcollector <> - DRY_RUN: "reg_type       = 1	event_id       = g	reg_id         = 3f1	reg_value      = 0"
118 [140474962667072] INFO perfrun.perfcollector <> - eventId: g, skip parsing event_id
118 [140474962667072] INFO perfrun.perfcollector <> - Register was ignored: group_id: 2, reg_type: 1, event_id: 4294967295, reg_id: 3f1, reg_value: 0, pmu_name: cpu
118 [140474962667072] INFO perfrun.perfcollector <> - DRY_RUN: "reg_type       = 1	event_id       = g	reg_id         = 1d9	reg_value      = 1800"
118 [140474962667072] INFO perfrun.perfcollector <> - eventId: g, skip parsing event_id
118 [140474962667072] INFO perfrun.perfcollector <> - Register was ignored: group_id: 2, reg_type: 1, event_id: 4294967295, reg_id: 1d9, reg_value: 1800, pmu_name: cpu
118 [140474962667072] INFO perfrun.perfcollector <> - DRY_RUN: "reg_type       = 1	event_id       = g	reg_id         = 38d	reg_value      = bbb"
118 [140474962667072] INFO perfrun.perfcollector <> - eventId: g, skip parsing event_id
118 [140474962667072] INFO perfrun.perfcollector <> - Register was ignored: group_id: 2, reg_type: 1, event_id: 4294967295, reg_id: 38d, reg_value: bbb, pmu_name: cpu
118 [140474962667072] INFO perfrun.perfcollector <> - DRY_RUN: "reg_type       = 1	event_id       = 11	reg_id         = 186	reg_value      = 5310b1"
118 [140474962667072] INFO perfrun.perfcollector <> - Event selector: group_id: 2, reg_type: 1, event_id: 11, reg_id: 186, reg_value: 5310b1, pmu_name: cpu
118 [140474962667072] INFO perfrun.perfcollector <> - DRY_RUN: "reg_type       = 1	event_id       = 12	reg_id         = 187	reg_value      = 5302c2"
118 [140474962667072] INFO perfrun.perfcollector <> - Event selector: group_id: 2, reg_type: 1, event_id: 12, reg_id: 187, reg_value: 5302c2, pmu_name: cpu
118 [140474962667072] INFO perfrun.perfcollector <> - DRY_RUN: "reg_type       = 1	event_id       = 13	reg_id         = 188	reg_value      = 5301b1"
118 [140474962667072] INFO perfrun.perfcollector <> - Event selector: group_id: 2, reg_type: 1, event_id: 13, reg_id: 188, reg_value: 5301b1, pmu_name: cpu
118 [140474962667072] INFO perfrun.perfcollector <> - DRY_RUN: "ESCR"
118 [140474962667072] INFO perfrun.perfcollector <> - DRY_RUN: "reg_type       = 2	event_id       = g	reg_id         = 1c8	reg_value      = 0"
118 [140474962667072] INFO perfrun.perfcollector <> - eventId: g, skip parsing event_id
118 [140474962667072] INFO perfrun.perfcollector <> - DRY_RUN: "DATA"
118 [140474962667072] INFO perfrun.perfcollector <> - DRY_RUN: "reg_type       = 4	event_id       = 2	reg_id         = 309	reg_value      = ffffffd3bfe0"
118 [140474962667072] INFO perfrun.perfcollector <> - eventId: 2, dataAddr: 309, dataVal: ffffffd3bfe0
118 [140474962667072] INFO perfrun.perfcollector <> - DRY_RUN: "reg_type       = 4	event_id       = 0	reg_id         = 30a	reg_value      = ffffffe17b7d"
118 [140474962667072] INFO perfrun.perfcollector <> - eventId: 0, dataAddr: 30a, dataVal: ffffffe17b7d
118 [140474962667072] INFO perfrun.perfcollector <> - DRY_RUN: "reg_type       = 4	event_id       = 1	reg_id         = 30b	reg_value      = ffffffd3bfe0"
118 [140474962667072] INFO perfrun.perfcollector <> - eventId: 1, dataAddr: 30b, dataVal: ffffffd3bfe0
118 [140474962667072] INFO perfrun.perfcollector <> - DRY_RUN: "reg_type       = 4	event_id       = 11	reg_id         = c1	reg_value      = ffffffe17b7d"
118 [140474962667072] INFO perfrun.perfcollector <> - eventId: 11, dataAddr: c1, dataVal: ffffffe17b7d
118 [140474962667072] INFO perfrun.perfcollector <> - DRY_RUN: "reg_type       = 4	event_id       = 12	reg_id         = c2	reg_value      = ffffffe17b7d"
118 [140474962667072] INFO perfrun.perfcollector <> - eventId: 12, dataAddr: c2, dataVal: ffffffe17b7d
118 [140474962667072] INFO perfrun.perfcollector <> - DRY_RUN: "reg_type       = 4	event_id       = 13	reg_id         = c3	reg_value      = ffffffe17b7d"
118 [140474962667072] INFO perfrun.perfcollector <> - eventId: 13, dataAddr: c3, dataVal: ffffffe17b7d
118 [140474962667072] INFO perfrun.perfcollector <> - event name: CPU_CLK_UNHALTED.THREAD
118 [140474962667072] INFO perfrun.perfcollector <> - pmu config: cpu, m_cccrAddr: ffffffff, m_cccrVal: 0, m_escrAddr: ffffffff, m_escrVal: 0, m_dataAddr: 30a, m_dataVal: ffffffffffe17b7d, m_extPebsVal: 0, m_adtPebsAvail: 0
118 [140474962667072] INFO perfrun.perfcollector <> - config: event: 3c
118 [140474962667072] INFO perfrun.perfcollector <> - config: pc: 0
118 [140474962667072] INFO perfrun.perfcollector <> - config: edge: 0
118 [140474962667072] INFO perfrun.perfcollector <> - config: any: 0
118 [140474962667072] INFO perfrun.perfcollector <> - config1: offcore_rsp: 0
118 [140474962667072] INFO perfrun.perfcollector <> - config1: ldlat: 0
118 [140474962667072] INFO perfrun.perfcollector <> - config: inv: 0
118 [140474962667072] INFO perfrun.perfcollector <> - config: umask: 0
118 [140474962667072] INFO perfrun.perfcollector <> - config1: frontend: 0
118 [140474962667072] INFO perfrun.perfcollector <> - config: cmask: 0
118 [140474962667072] INFO perfrun.perfcollector <> - format: cpu/event=0x3c,name='CPU_CLK_UNHALTED.THREAD'/D
118 [140474962667072] INFO perfrun.perfcollector <> - event name: CPU_CLK_UNHALTED.REF_TSC
118 [140474962667072] INFO perfrun.perfcollector <> - pmu config: cpu, m_cccrAddr: ffffffff, m_cccrVal: 0, m_escrAddr: ffffffff, m_escrVal: 0, m_dataAddr: 30b, m_dataVal: ffffffffffd3bfe0, m_extPebsVal: 0, m_adtPebsAvail: 0
118 [140474962667072] INFO perfrun.perfcollector <> - config: event: 0
118 [140474962667072] INFO perfrun.perfcollector <> - config: pc: 0
118 [140474962667072] INFO perfrun.perfcollector <> - config: edge: 0
118 [140474962667072] INFO perfrun.perfcollector <> - config: any: 0
118 [140474962667072] INFO perfrun.perfcollector <> - config1: offcore_rsp: 0
118 [140474962667072] INFO perfrun.perfcollector <> - config1: ldlat: 0
118 [140474962667072] INFO perfrun.perfcollector <> - config: inv: 0
118 [140474962667072] INFO perfrun.perfcollector <> - config: umask: 3
118 [140474962667072] INFO perfrun.perfcollector <> - config1: frontend: 0
118 [140474962667072] INFO perfrun.perfcollector <> - config: cmask: 0
118 [140474962667072] INFO perfrun.perfcollector <> - format: cpu/umask=0x3,name='CPU_CLK_UNHALTED.REF_TSC'/D
118 [140474962667072] INFO perfrun.perfcollector <> - event name: INST_RETIRED.ANY
118 [140474962667072] INFO perfrun.perfcollector <> - pmu config: cpu, m_cccrAddr: ffffffff, m_cccrVal: 0, m_escrAddr: ffffffff, m_escrVal: 0, m_dataAddr: 309, m_dataVal: ffffffffffd3bfe0, m_extPebsVal: 0, m_adtPebsAvail: 0
118 [140474962667072] INFO perfrun.perfcollector <> - config: event: c0
118 [140474962667072] INFO perfrun.perfcollector <> - config: pc: 0
118 [140474962667072] INFO perfrun.perfcollector <> - config: edge: 0
118 [140474962667072] INFO perfrun.perfcollector <> - config: any: 0
118 [140474962667072] INFO perfrun.perfcollector <> - config1: offcore_rsp: 0
118 [140474962667072] INFO perfrun.perfcollector <> - config1: ldlat: 0
118 [140474962667072] INFO perfrun.perfcollector <> - config: inv: 0
118 [140474962667072] INFO perfrun.perfcollector <> - config: umask: 0
118 [140474962667072] INFO perfrun.perfcollector <> - config1: frontend: 0
118 [140474962667072] INFO perfrun.perfcollector <> - config: cmask: 0
118 [140474962667072] INFO perfrun.perfcollector <> - format: cpu/event=0xc0,name='INST_RETIRED.ANY'/D
118 [140474962667072] INFO perfrun.perfcollector <> - event name: CPU_CLK_UNHALTED.REF_XCLK
118 [140474962667072] INFO perfrun.perfcollector <> - pmu config: cpu, m_cccrAddr: 186, m_cccrVal: 53013c, m_escrAddr: ffffffff, m_escrVal: 0, m_dataAddr: c1, m_dataVal: ffffffffffff9e55, m_extPebsVal: 0, m_adtPebsAvail: 0
118 [140474962667072] INFO perfrun.perfcollector <> - config: event: 3c
118 [140474962667072] INFO perfrun.perfcollector <> - config: pc: 0
118 [140474962667072] INFO perfrun.perfcollector <> - config: edge: 0
118 [140474962667072] INFO perfrun.perfcollector <> - config: any: 0
118 [140474962667072] INFO perfrun.perfcollector <> - config1: offcore_rsp: 0
118 [140474962667072] INFO perfrun.perfcollector <> - config1: ldlat: 0
118 [140474962667072] INFO perfrun.perfcollector <> - config: inv: 0
118 [140474962667072] INFO perfrun.perfcollector <> - config: umask: 1
118 [140474962667072] INFO perfrun.perfcollector <> - config1: frontend: 0
118 [140474962667072] INFO perfrun.perfcollector <> - config: cmask: 0
118 [140474962667072] INFO perfrun.perfcollector <> - format: cpu/event=0x3c,umask=0x1,name='CPU_CLK_UNHALTED.REF_XCLK'/
118 [140474962667072] INFO perfrun.perfcollector <> - event name: CPU_CLK_UNHALTED.ONE_THREAD_ACTIVE
118 [140474962667072] INFO perfrun.perfcollector <> - pmu config: cpu, m_cccrAddr: 187, m_cccrVal: 53023c, m_escrAddr: ffffffff, m_escrVal: 0, m_dataAddr: c2, m_dataVal: ffffffffffff9e55, m_extPebsVal: 0, m_adtPebsAvail: 0
118 [140474962667072] INFO perfrun.perfcollector <> - config: event: 3c
118 [140474962667072] INFO perfrun.perfcollector <> - config: pc: 0
118 [140474962667072] INFO perfrun.perfcollector <> - config: edge: 0
118 [140474962667072] INFO perfrun.perfcollector <> - config: any: 0
118 [140474962667072] INFO perfrun.perfcollector <> - config1: offcore_rsp: 0
118 [140474962667072] INFO perfrun.perfcollector <> - config1: ldlat: 0
118 [140474962667072] INFO perfrun.perfcollector <> - config: inv: 0
118 [140474962667072] INFO perfrun.perfcollector <> - config: umask: 2
118 [140474962667072] INFO perfrun.perfcollector <> - config1: frontend: 0
118 [140474962667072] INFO perfrun.perfcollector <> - config: cmask: 0
118 [140474962667072] INFO perfrun.perfcollector <> - format: cpu/event=0x3c,umask=0x2,name='CPU_CLK_UNHALTED.ONE_THREAD_ACTIVE'/
118 [140474962667072] INFO perfrun.perfcollector <> - event name: FP_ARITH_INST_RETIRED.SCALAR_SINGLE
118 [140474962667072] INFO perfrun.perfcollector <> - pmu config: cpu, m_cccrAddr: 188, m_cccrVal: 5302c7, m_escrAddr: ffffffff, m_escrVal: 0, m_dataAddr: c3, m_dataVal: ffffffffffe17b7d, m_extPebsVal: 0, m_adtPebsAvail: 0
118 [140474962667072] INFO perfrun.perfcollector <> - config: event: c7
118 [140474962667072] INFO perfrun.perfcollector <> - config: pc: 0
118 [140474962667072] INFO perfrun.perfcollector <> - config: edge: 0
118 [140474962667072] INFO perfrun.perfcollector <> - config: any: 0
118 [140474962667072] INFO perfrun.perfcollector <> - config1: offcore_rsp: 0
118 [140474962667072] INFO perfrun.perfcollector <> - config1: ldlat: 0
118 [140474962667072] INFO perfrun.perfcollector <> - config: inv: 0
118 [140474962667072] INFO perfrun.perfcollector <> - config: umask: 2
118 [140474962667072] INFO perfrun.perfcollector <> - config1: frontend: 0
118 [140474962667072] INFO perfrun.perfcollector <> - config: cmask: 0
118 [140474962667072] INFO perfrun.perfcollector <> - format: cpu/event=0xc7,umask=0x2,name='FP_ARITH_INST_RETIRED.SCALAR_SINGLE'/
118 [140474962667072] INFO perfrun.perfcollector <> - event name: FP_ARITH_INST_RETIRED.128B_PACKED_SINGLE
118 [140474962667072] INFO perfrun.perfcollector <> - pmu config: cpu, m_cccrAddr: 189, m_cccrVal: 5308c7, m_escrAddr: ffffffff, m_escrVal: 0, m_dataAddr: c4, m_dataVal: ffffffffffe17b7d, m_extPebsVal: 0, m_adtPebsAvail: 0
118 [140474962667072] INFO perfrun.perfcollector <> - config: event: c7
118 [140474962667072] INFO perfrun.perfcollector <> - config: pc: 0
118 [140474962667072] INFO perfrun.perfcollector <> - config: edge: 0
118 [140474962667072] INFO perfrun.perfcollector <> - config: any: 0
118 [140474962667072] INFO perfrun.perfcollector <> - config1: offcore_rsp: 0
118 [140474962667072] INFO perfrun.perfcollector <> - config1: ldlat: 0
118 [140474962667072] INFO perfrun.perfcollector <> - config: inv: 0
118 [140474962667072] INFO perfrun.perfcollector <> - config: umask: 8
118 [140474962667072] INFO perfrun.perfcollector <> - config1: frontend: 0
118 [140474962667072] INFO perfrun.perfcollector <> - config: cmask: 0
118 [140474962667072] INFO perfrun.perfcollector <> - format: cpu/event=0xc7,umask=0x8,name='FP_ARITH_INST_RETIRED.128B_PACKED_SINGLE'/
118 [140474962667072] INFO perfrun.perfcollector <> - event name: FP_ARITH_INST_RETIRED.256B_PACKED_SINGLE
118 [140474962667072] INFO perfrun.perfcollector <> - pmu config: cpu, m_cccrAddr: 186, m_cccrVal: 5320c7, m_escrAddr: ffffffff, m_escrVal: 0, m_dataAddr: c1, m_dataVal: ffffffffffe17b7d, m_extPebsVal: 0, m_adtPebsAvail: 0
118 [140474962667072] INFO perfrun.perfcollector <> - config: event: c7
118 [140474962667072] INFO perfrun.perfcollector <> - config: pc: 0
118 [140474962667072] INFO perfrun.perfcollector <> - config: edge: 0
118 [140474962667072] INFO perfrun.perfcollector <> - config: any: 0
118 [140474962667072] INFO perfrun.perfcollector <> - config1: offcore_rsp: 0
118 [140474962667072] INFO perfrun.perfcollector <> - config1: ldlat: 0
118 [140474962667072] INFO perfrun.perfcollector <> - config: inv: 0
118 [140474962667072] INFO perfrun.perfcollector <> - config: umask: 20
118 [140474962667072] INFO perfrun.perfcollector <> - config1: frontend: 0
118 [140474962667072] INFO perfrun.perfcollector <> - config: cmask: 0
118 [140474962667072] INFO perfrun.perfcollector <> - format: cpu/event=0xc7,umask=0x20,name='FP_ARITH_INST_RETIRED.256B_PACKED_SINGLE'/
118 [140474962667072] INFO perfrun.perfcollector <> - event name: FP_ARITH_INST_RETIRED.SCALAR_DOUBLE
118 [140474962667072] INFO perfrun.perfcollector <> - pmu config: cpu, m_cccrAddr: 187, m_cccrVal: 5301c7, m_escrAddr: ffffffff, m_escrVal: 0, m_dataAddr: c2, m_dataVal: ffffffffffe17b7d, m_extPebsVal: 0, m_adtPebsAvail: 0
118 [140474962667072] INFO perfrun.perfcollector <> - config: event: c7
118 [140474962667072] INFO perfrun.perfcollector <> - config: pc: 0
118 [140474962667072] INFO perfrun.perfcollector <> - config: edge: 0
118 [140474962667072] INFO perfrun.perfcollector <> - config: any: 0
118 [140474962667072] INFO perfrun.perfcollector <> - config1: offcore_rsp: 0
118 [140474962667072] INFO perfrun.perfcollector <> - config1: ldlat: 0
118 [140474962667072] INFO perfrun.perfcollector <> - config: inv: 0
118 [140474962667072] INFO perfrun.perfcollector <> - config: umask: 1
118 [140474962667072] INFO perfrun.perfcollector <> - config1: frontend: 0
118 [140474962667072] INFO perfrun.perfcollector <> - config: cmask: 0
118 [140474962667072] INFO perfrun.perfcollector <> - format: cpu/event=0xc7,umask=0x1,name='FP_ARITH_INST_RETIRED.SCALAR_DOUBLE'/
118 [140474962667072] INFO perfrun.perfcollector <> - event name: FP_ARITH_INST_RETIRED.128B_PACKED_DOUBLE
118 [140474962667072] INFO perfrun.perfcollector <> - pmu config: cpu, m_cccrAddr: 188, m_cccrVal: 5304c7, m_escrAddr: ffffffff, m_escrVal: 0, m_dataAddr: c3, m_dataVal: ffffffffffe17b7d, m_extPebsVal: 0, m_adtPebsAvail: 0
118 [140474962667072] INFO perfrun.perfcollector <> - config: event: c7
118 [140474962667072] INFO perfrun.perfcollector <> - config: pc: 0
118 [140474962667072] INFO perfrun.perfcollector <> - config: edge: 0
118 [140474962667072] INFO perfrun.perfcollector <> - config: any: 0
118 [140474962667072] INFO perfrun.perfcollector <> - config1: offcore_rsp: 0
118 [140474962667072] INFO perfrun.perfcollector <> - config1: ldlat: 0
118 [140474962667072] INFO perfrun.perfcollector <> - config: inv: 0
118 [140474962667072] INFO perfrun.perfcollector <> - config: umask: 4
118 [140474962667072] INFO perfrun.perfcollector <> - config1: frontend: 0
118 [140474962667072] INFO perfrun.perfcollector <> - config: cmask: 0
118 [140474962667072] INFO perfrun.perfcollector <> - format: cpu/event=0xc7,umask=0x4,name='FP_ARITH_INST_RETIRED.128B_PACKED_DOUBLE'/
118 [140474962667072] INFO perfrun.perfcollector <> - event name: FP_ARITH_INST_RETIRED.256B_PACKED_DOUBLE
118 [140474962667072] INFO perfrun.perfcollector <> - pmu config: cpu, m_cccrAddr: 189, m_cccrVal: 5310c7, m_escrAddr: ffffffff, m_escrVal: 0, m_dataAddr: c4, m_dataVal: ffffffffffe17b7d, m_extPebsVal: 0, m_adtPebsAvail: 0
118 [140474962667072] INFO perfrun.perfcollector <> - config: event: c7
118 [140474962667072] INFO perfrun.perfcollector <> - config: pc: 0
118 [140474962667072] INFO perfrun.perfcollector <> - config: edge: 0
118 [140474962667072] INFO perfrun.perfcollector <> - config: any: 0
118 [140474962667072] INFO perfrun.perfcollector <> - config1: offcore_rsp: 0
118 [140474962667072] INFO perfrun.perfcollector <> - config1: ldlat: 0
118 [140474962667072] INFO perfrun.perfcollector <> - config: inv: 0
118 [140474962667072] INFO perfrun.perfcollector <> - config: umask: 10
118 [140474962667072] INFO perfrun.perfcollector <> - config1: frontend: 0
118 [140474962667072] INFO perfrun.perfcollector <> - config: cmask: 0
118 [140474962667072] INFO perfrun.perfcollector <> - format: cpu/event=0xc7,umask=0x10,name='FP_ARITH_INST_RETIRED.256B_PACKED_DOUBLE'/
118 [140474962667072] INFO perfrun.perfcollector <> - event name: UOPS_EXECUTED.X87
118 [140474962667072] INFO perfrun.perfcollector <> - pmu config: cpu, m_cccrAddr: 186, m_cccrVal: 5310b1, m_escrAddr: ffffffff, m_escrVal: 0, m_dataAddr: c1, m_dataVal: ffffffffffe17b7d, m_extPebsVal: 0, m_adtPebsAvail: 0
118 [140474962667072] INFO perfrun.perfcollector <> - config: event: b1
118 [140474962667072] INFO perfrun.perfcollector <> - config: pc: 0
118 [140474962667072] INFO perfrun.perfcollector <> - config: edge: 0
118 [140474962667072] INFO perfrun.perfcollector <> - config: any: 0
118 [140474962667072] INFO perfrun.perfcollector <> - config1: offcore_rsp: 0
118 [140474962667072] INFO perfrun.perfcollector <> - config1: ldlat: 0
118 [140474962667072] INFO perfrun.perfcollector <> - config: inv: 0
118 [140474962667072] INFO perfrun.perfcollector <> - config: umask: 10
118 [140474962667072] INFO perfrun.perfcollector <> - config1: frontend: 0
118 [140474962667072] INFO perfrun.perfcollector <> - config: cmask: 0
118 [140474962667072] INFO perfrun.perfcollector <> - format: cpu/event=0xb1,umask=0x10,name='UOPS_EXECUTED.X87'/
118 [140474962667072] INFO perfrun.perfcollector <> - event name: UOPS_RETIRED.RETIRE_SLOTS
118 [140474962667072] INFO perfrun.perfcollector <> - pmu config: cpu, m_cccrAddr: 187, m_cccrVal: 5302c2, m_escrAddr: ffffffff, m_escrVal: 0, m_dataAddr: c2, m_dataVal: ffffffffffe17b7d, m_extPebsVal: 0, m_adtPebsAvail: 0
118 [140474962667072] INFO perfrun.perfcollector <> - config: event: c2
118 [140474962667072] INFO perfrun.perfcollector <> - config: pc: 0
118 [140474962667072] INFO perfrun.perfcollector <> - config: edge: 0
118 [140474962667072] INFO perfrun.perfcollector <> - config: any: 0
118 [140474962667072] INFO perfrun.perfcollector <> - config1: offcore_rsp: 0
118 [140474962667072] INFO perfrun.perfcollector <> - config1: ldlat: 0
118 [140474962667072] INFO perfrun.perfcollector <> - config: inv: 0
118 [140474962667072] INFO perfrun.perfcollector <> - config: umask: 2
118 [140474962667072] INFO perfrun.perfcollector <> - config1: frontend: 0
118 [140474962667072] INFO perfrun.perfcollector <> - config: cmask: 0
118 [140474962667072] INFO perfrun.perfcollector <> - format: cpu/event=0xc2,umask=0x2,name='UOPS_RETIRED.RETIRE_SLOTS'/
118 [140474962667072] INFO perfrun.perfcollector <> - event name: UOPS_EXECUTED.THREAD
118 [140474962667072] INFO perfrun.perfcollector <> - pmu config: cpu, m_cccrAddr: 188, m_cccrVal: 5301b1, m_escrAddr: ffffffff, m_escrVal: 0, m_dataAddr: c3, m_dataVal: ffffffffffe17b7d, m_extPebsVal: 0, m_adtPebsAvail: 0
118 [140474962667072] INFO perfrun.perfcollector <> - config: event: b1
118 [140474962667072] INFO perfrun.perfcollector <> - config: pc: 0
118 [140474962667072] INFO perfrun.perfcollector <> - config: edge: 0
118 [140474962667072] INFO perfrun.perfcollector <> - config: any: 0
118 [140474962667072] INFO perfrun.perfcollector <> - config1: offcore_rsp: 0
118 [140474962667072] INFO perfrun.perfcollector <> - config1: ldlat: 0
118 [140474962667072] INFO perfrun.perfcollector <> - config: inv: 0
118 [140474962667072] INFO perfrun.perfcollector <> - config: umask: 1
118 [140474962667072] INFO perfrun.perfcollector <> - config1: frontend: 0
118 [140474962667072] INFO perfrun.perfcollector <> - config: cmask: 0
118 [140474962667072] INFO perfrun.perfcollector <> - format: cpu/event=0xb1,umask=0x1,name='UOPS_EXECUTED.THREAD'/
118 [140474962667072] INFO perfrun.perfcollector <> - event: cpu/event=0x3c,name='CPU_CLK_UNHALTED.THREAD'/Duk, added for counting
118 [140474962667072] INFO perfrun.perfcollector <> - event: cpu/umask=0x3,name='CPU_CLK_UNHALTED.REF_TSC'/Duk, added for counting
118 [140474962667072] INFO perfrun.perfcollector <> - event: cpu/event=0xc0,name='INST_RETIRED.ANY'/Duk, added for counting
118 [140474962667072] INFO perfrun.perfcollector <> - event: cpu/event=0x3c,umask=0x1,name='CPU_CLK_UNHALTED.REF_XCLK'/uk, added for counting
118 [140474962667072] INFO perfrun.perfcollector <> - event: cpu/event=0x3c,umask=0x2,name='CPU_CLK_UNHALTED.ONE_THREAD_ACTIVE'/uk, added for counting
118 [140474962667072] INFO perfrun.perfcollector <> - event: cpu/event=0xc7,umask=0x2,name='FP_ARITH_INST_RETIRED.SCALAR_SINGLE'/uk, added for counting
118 [140474962667072] INFO perfrun.perfcollector <> - event: cpu/event=0xc7,umask=0x8,name='FP_ARITH_INST_RETIRED.128B_PACKED_SINGLE'/uk, added for counting
118 [140474962667072] INFO perfrun.perfcollector <> - event: cpu/event=0xc7,umask=0x20,name='FP_ARITH_INST_RETIRED.256B_PACKED_SINGLE'/uk, added for counting
118 [140474962667072] INFO perfrun.perfcollector <> - event: cpu/event=0xc7,umask=0x1,name='FP_ARITH_INST_RETIRED.SCALAR_DOUBLE'/uk, added for counting
118 [140474962667072] INFO perfrun.perfcollector <> - event: cpu/event=0xc7,umask=0x4,name='FP_ARITH_INST_RETIRED.128B_PACKED_DOUBLE'/uk, added for counting
118 [140474962667072] INFO perfrun.perfcollector <> - event: cpu/event=0xc7,umask=0x10,name='FP_ARITH_INST_RETIRED.256B_PACKED_DOUBLE'/uk, added for counting
118 [140474962667072] INFO perfrun.perfcollector <> - event: cpu/event=0xb1,umask=0x10,name='UOPS_EXECUTED.X87'/uk, added for counting
118 [140474962667072] INFO perfrun.perfcollector <> - event: cpu/event=0xc2,umask=0x2,name='UOPS_RETIRED.RETIRE_SLOTS'/uk, added for counting
118 [140474962667072] INFO perfrun.perfcollector <> - event: cpu/event=0xb1,umask=0x1,name='UOPS_EXECUTED.THREAD'/uk, added for counting
119 [140474954274368] WARN perfrun.perfcollector <> - Perf stat trace pipe capacity: read = 1048576, write = 1048576, at file: vcs/perfrun1/plugins/perfcollector/src/profiler.cpp:765
119 [140474954274368] INFO perfrun.sdk <> - runCmd: /opt/intel/oneapi/vtune/2023.0.0/bin64/amplxe-perf stat -v --log-fd 11 --scale -x ; -e cpu/event=0x3c,name='CPU_CLK_UNHALTED.THREAD'/Duk,cpu/umask=0x3,name='CPU_CLK_UNHALTED.REF_TSC'/Duk,cpu/event=0xc0,name='INST_RETIRED.ANY'/Duk,cpu/event=0x3c,umask=0x1,name='CPU_CLK_UNHALTED.REF_XCLK'/uk,cpu/event=0x3c,umask=0x2,name='CPU_CLK_UNHALTED.ONE_THREAD_ACTIVE'/uk,cpu/event=0xc7,umask=0x2,name='FP_ARITH_INST_RETIRED.SCALAR_SINGLE'/uk,cpu/event=0xc7,umask=0x8,name='FP_ARITH_INST_RETIRED.128B_PACKED_SINGLE'/uk,cpu/event=0xc7,umask=0x20,name='FP_ARITH_INST_RETIRED.256B_PACKED_SINGLE'/uk,cpu/event=0xc7,umask=0x1,name='FP_ARITH_INST_RETIRED.SCALAR_DOUBLE'/uk,cpu/event=0xc7,umask=0x4,name='FP_ARITH_INST_RETIRED.128B_PACKED_DOUBLE'/uk,cpu/event=0xc7,umask=0x10,name='FP_ARITH_INST_RETIRED.256B_PACKED_DOUBLE'/uk,cpu/event=0xb1,umask=0x10,name='UOPS_EXECUTED.X87'/uk,cpu/event=0xc2,umask=0x2,name='UOPS_RETIRED.RETIRE_SLOTS'/uk,cpu/event=0xb1,umask=0x1,name='UOPS_EXECUTED.THREAD'/uk /opt/intel/oneapi/vtune/2023.0.0/bin64/amplxe-perf-sync dryrun tsc
119 [140474954274368] INFO perfrun.sdk <> - runCmd started PID 16193
154 [140474954274368] INFO perfrun.perfcollector <> - Monitor: runCmd RC = true
154 [140474962667072] INFO perfrun.launcher <> - plugin [aoclprofile] was disabled because it doesn't support the given collection type.
154 [140474962667072] INFO perfrun.tpss <> - initialize tpss controller
154 [140474962667072] INFO perfrun.tpss <> - configure collection mode: value = cpu:counters:nostack
154 [140474962667072] INFO perfrun.tpss <> - configure collection mode: value = cpu:stack
154 [140474962667072] INFO perfrun.tpss <> - default obj-size-min=1024
154 [140474962667072] INFO perfrun.tpss <> - default hash-table-size=0
154 [140474962667072] INFO perfrun.launcher <> - plugin [media] was disabled because it doesn't support the given collection type.
154 [140474962667072] INFO perfrun.launcher <> - plugin [] was disabled because it doesn't support the given collection type.
154 [140474962667072] INFO perfrun.launcher <> - plugin [] was disabled because it doesn't support the given collection type.
154 [140474962667072] INFO perfrun.launcher <> - plugin [parallelfs] was disabled because it doesn't support the given collection type.
154 [140474962667072] INFO perfrun.launcher <> - plugin [power] was disabled because it doesn't support the given collection type.
154 [140474962667072] INFO perfrun.launcher <> - plugin [hwloc] was disabled because it doesn't support the given collection type.
154 [140474962667072] INFO perfrun.launcher <> - plugin [ipmwatch] was disabled because it doesn't support the given collection type.
154 [140474962667072] INFO perfrun.launcher <> - plugin [os_counters] was disabled because it doesn't support the given collection type.
154 [140474962667072] INFO perfrun.launcher <> - plugin [l0_metrics] was disabled because it doesn't support the given collection type.
155 [140475114437760] INFO perfrun.launcher <> - set environment variable: LD_LIBRARY_PATH = /opt/intel/oneapi/vtune/2023.0.0/lib32/runtime:/opt/intel/oneapi/vtune/2023.0.0/lib64/runtime
155 [140475114437760] INFO perfrun.launcher <> - set environment variable: INTEL_LIBITTNOTIFY32 = /opt/intel/oneapi/vtune/2023.0.0/lib32/runtime/libittnotify_collector.so
155 [140475114437760] INFO perfrun.launcher <> - set environment variable: INTEL_LIBITTNOTIFY64 = /opt/intel/oneapi/vtune/2023.0.0/lib64/runtime/libittnotify_collector.so
155 [140475114437760] INFO perfrun.launcher <> - set environment variable: INTEL_ITTNOTIFY_GROUPS = 
155 [140475114437760] INFO perfrun.launcher <> - set environment variable: INTEL_JIT_PROFILER32 = /opt/intel/oneapi/vtune/2023.0.0/lib32/runtime/libittnotify_collector.so
155 [140475114437760] INFO perfrun.launcher <> - set environment variable: INTEL_JIT_PROFILER64 = /opt/intel/oneapi/vtune/2023.0.0/lib64/runtime/libittnotify_collector.so
155 [140475114437760] INFO perfrun.launcher <> - set environment variable: OMP_TOOL_LIBRARIES = /opt/intel/oneapi/vtune/2023.0.0/lib32/runtime/libittnotify_collector.so:/opt/intel/oneapi/vtune/2023.0.0/lib64/runtime/libittnotify_collector.so
155 [140475114437760] INFO perfrun.launcher <> - set environment variable: ENABLE_JITPROFILING = 1
155 [140475114437760] INFO perfrun.launcher <> - set environment variable: CL_CONFIG_USE_VTUNE = True
155 [140475114437760] INFO perfrun.launcher <> - set environment variable: KMP_FORKJOIN_FRAMES = 0
155 [140475114437760] INFO perfrun.launcher <> - set environment variable: KMP_FORKJOIN_FRAMES_MODE = 0
155 [140475114437760] INFO perfrun.launcher <> - set environment variable: OMP_TOOL = disabled
155 [140475114437760] INFO perfrun.launcher <> - set environment variable: INTEL_MRTE_DATA_DIR = /home/lucas/Documents/Vectorization-AVX/AVX_Project/r002hs/data.0
155 [140475114437760] INFO perfrun.launcher <> - set environment variable: INTEL_MRTE_HOST_NAME = lucas-System-Product-Name
155 [140475114437760] INFO perfrun.launcher <> - set environment variable: JAVA_TOOL_OPTIONS = -agentlib:amplxe_tpssmrte_javaprof_1.0 -Dsun.boot.library.path=/opt/intel/oneapi/vtune/2023.0.0/lib32/runtime:/opt/intel/oneapi/vtune/2023.0.0/lib64/runtime
155 [140475114437760] INFO perfrun.launcher <> - set environment variable: LD_LIBRARY_PATH = /opt/intel/oneapi/vtune/2023.0.0/lib32/runtime:/opt/intel/oneapi/vtune/2023.0.0/lib64/runtime
155 [140475114437760] INFO perfrun.launcher <> - set environment variable: CORECLR_ENABLE_PROFILING = 1
155 [140475114437760] INFO perfrun.launcher <> - set environment variable: CORECLR_PROFILER = {AA5E4821-E3B1-479c-B7FF-5AD047D22CED}
155 [140475114437760] INFO perfrun.launcher <> - set environment variable: CORECLR_PROFILER_PATH = /opt/intel/oneapi/vtune/2023.0.0/lib64/libamplxe_samplingmrte_clrprof_1.0.so
155 [140475114437760] INFO perfrun.launcher <> - set environment variable: INTEL_MRTE_PROFILER_MODE = mixed
155 [140475114437760] INFO perfrun.launcher <> - RpcServer: run RPC server to handle requests
155 [140475114437760] INFO perfrun.launcher <> - Launcher: command line to start before modification = ./exec 2048
155 [140475114437760] INFO perfrun.launcher <> - Launcher: command line to start after modification = /opt/intel/oneapi/vtune/2023.0.0/bin64/pin -error_file /home/lucas/Documents/Vectorization-AVX/AVX_Project/r002hs/data.0/pinerr.tpsslog -detach_reattach -follow_execv -tool_load_option deepbind -t64 /opt/intel/oneapi/vtune/2023.0.0/lib64/libtpsstool.so -t /opt/intel/oneapi/vtune/2023.0.0/lib32/libtpsstool.so -server_name tpss_ipc.16186 -prd_dir /opt/intel/oneapi/vtune/2023.0.0 -- ./exec 2048
155 [140475114437760] INFO perfrun.launcher <> - ProcessCreator object was created
156 [140475114437760] INFO perfrun.launcher <> - Launcher: the process was started in suspend mode
156 [140474962667072] WARN perfrun.system <> - Folder "/var/run/libvirt/qemu/"doesn't exist, at file: vcs/perfrun1/plugins/system/src/trace_writer.cpp:800
157 [140474962667072] WARN perfrun.sdk <> - Failed to find xl binary on any of the system paths: /bin, /sbin, /usr/bin, /usr/sbin., at file: vcs/perfrun1/sdk/src/utils.cpp:204
157 [140474962667072] WARN perfrun.system <> - Could not start ContainerMapping collector, at file: vcs/perfrun1/plugins/system/src/controller.cpp:448
262 [140474962667072] INFO perfrun.vdso <> - Helper runtool '/opt/intel/oneapi/vtune/2023.0.0/bin32/amplxe-runss -dump-vdso -r /home/lucas/Documents/Vectorization-AVX/AVX_Project/r002hs --tmp-dir /tmp/amplxe-tmp-root' returned 0
315 [140474962667072] INFO perfrun.vdso <> - Helper runtool '/opt/intel/oneapi/vtune/2023.0.0/bin64/amplxe-runss -dump-vdso -r /home/lucas/Documents/Vectorization-AVX/AVX_Project/r002hs --tmp-dir /tmp/amplxe-tmp-root' returned 0
315 [140474962667072] INFO perfrun.itt <> - start itt controller for pid #16196
316 [140474929096256] WARN perfrun.perfcollector <> - Perf stat trace pipe capacity: read = 1048576, write = 1048576, at file: vcs/perfrun1/plugins/perfcollector/src/profiler.cpp:765
316 [140474929096256] INFO perfrun.sdk <> - runCmd: /opt/intel/oneapi/vtune/2023.0.0/bin64/amplxe-perf stat -v --log-fd 22 --control=fd:23,26 --scale -x ; -p 16196 -e cpu/event=0x3c,name='CPU_CLK_UNHALTED.THREAD'/Duk,cpu/umask=0x3,name='CPU_CLK_UNHALTED.REF_TSC'/Duk,cpu/event=0xc0,name='INST_RETIRED.ANY'/Duk,cpu/event=0x3c,umask=0x1,name='CPU_CLK_UNHALTED.REF_XCLK'/uk,cpu/event=0x3c,umask=0x2,name='CPU_CLK_UNHALTED.ONE_THREAD_ACTIVE'/uk,cpu/event=0xc7,umask=0x2,name='FP_ARITH_INST_RETIRED.SCALAR_SINGLE'/uk,cpu/event=0xc7,umask=0x8,name='FP_ARITH_INST_RETIRED.128B_PACKED_SINGLE'/uk,cpu/event=0xc7,umask=0x20,name='FP_ARITH_INST_RETIRED.256B_PACKED_SINGLE'/uk,cpu/event=0xc7,umask=0x1,name='FP_ARITH_INST_RETIRED.SCALAR_DOUBLE'/uk,cpu/event=0xc7,umask=0x4,name='FP_ARITH_INST_RETIRED.128B_PACKED_DOUBLE'/uk,cpu/event=0xc7,umask=0x10,name='FP_ARITH_INST_RETIRED.256B_PACKED_DOUBLE'/uk,cpu/event=0xb1,umask=0x10,name='UOPS_EXECUTED.X87'/uk,cpu/event=0xc2,umask=0x2,name='UOPS_RETIRED.RETIRE_SLOTS'/uk,cpu/event=0xb1,umask=0x1,name='UOPS_EXECUTED.THREAD'/uk /opt/intel/oneapi/vtune/2023.0.0/bin64/amplxe-perf-sync sync tsc
316 [140474929096256] INFO perfrun.sdk <> - runCmd started PID 16205
331 [140474962667072] INFO perfrun.tpss <> - start tpss controller for pid #16196
382 [140475114437760] INFO perfrun.launcher <> - Launcher: all plugins were started
382 [140475114437760] INFO perfrun.launcher <> - DirectoryMonitor object was created
382 [140475114437760] INFO perfrun.launcher <> - DirectoryMonitor: a callback was added
382 [140475114437760] INFO perfrun.launcher <> - DirectoryMonitor was started with pingTime = 1000
382 [140475114437760] INFO perfrun.launcher <> - DeadlineTimer is going to be constructed
382 [140475114437760] INFO perfrun.launcher <> - DeadlineTimer: a callback was added
413 [140475114437760] INFO perfrun.launcher <> - Launcher: resume the profiled application and  wait its termination or stop command
73807 [140475114437760] INFO perfrun.launcher <> - Launcher: the profiled application was terminated  with exit code = 0
73810 [140474962667072] INFO perfrun.itt <> - detach itt controller
73810 [140474962667072] INFO perfrun.itt <> - detach itt controller done
73811 [140474929096256] INFO perfrun.perfcollector <> - Monitor: runCmd RC = true
73811 [140474962667072] INFO perfrun.perfcollector <> - Monitor: state = 3, error = 1
73811 [140474962667072] INFO perfrun.tpss <> - stop tpss controller
73811 [140474962667072] INFO perfrun.sdk <> - De-allocating TMU: /home/lucas/Documents/Vectorization-AVX/AVX_Project/r002hs/data.0/systemcollector-16186-lucas-System-Product-Name.sc
73811 [140474962667072] INFO perfrun.system <> - closed the system trace file: /home/lucas/Documents/Vectorization-AVX/AVX_Project/r002hs/data.0/systemcollector-16186-lucas-System-Product-Name.sc
73811 [140475114437760] INFO perfrun.launcher <> - Launcher: all plugins were stopped.
73811 [140475114437760] INFO perfrun.launcher <> - DeadlineTimer is going to be destroyed
73811 [140475114437760] INFO perfrun.launcher <> - DeadlineTimer was destroyed
73811 [140475114437760] INFO perfrun.launcher <> - DirectoryMonitor object was destroyed
73811 [140475114437760] WARN perfrun.launcher <> - Stop command is ignored because it is received when collection is already stopped, at file: vcs/perfrun1/launcher/src/command_handler.cpp:226
73811 [140475114437760] INFO perfrun.launcher <> - Application exit code: 0
73811 [140475114437760] INFO perfrun.launcher <> - Exit code: 0
