24 [4129999424] INFO perfrun.launcher <> - Launcher main begin
26 [4129999424] INFO perfrun.launcher <> - MessageCatalogInit finished
26 [4129999424] INFO perfrun.launcher <> - Launcher instance created
26 [4129999424] INFO perfrun.launcher <> - argc = 6; cmdline = /opt/intel/oneapi/vtune/2023.0.0/bin32/amplxe-runss -dump-vdso -r /home/lucas/Documents/Vectorization-AVX/AVX_Project/r002hs --tmp-dir /tmp/amplxe-tmp-root 
58 [4129999424] INFO perfrun.launcher <> - create msngr2::ICliToolContext
58 [4129999424] INFO perfrun.launcher <> - create file finder object
59 [4129454784] INFO perfrun.launcher <> - plugin [remoteplug] was disabled because it doesn't support the given collection type.
59 [4129454784] INFO perfrun.launcher <> - plugin [] was disabled because it doesn't support the given collection type.
59 [4129454784] INFO perfrun.vdso <> - dumping [vdso] pseudomodule
60 [4129454784] WARN perfrun.vdso <> - could not archive [vdso], return code 5, at file: vcs/perfrun1/plugins/vdso/src/vdso_collector.cpp:264
60 [4129454784] INFO perfrun.launcher <> - plugin [] was disabled because it doesn't support the given collection type.
60 [4129454784] INFO perfrun.launcher <> - plugin [] was disabled because it doesn't support the given collection type.
60 [4129454784] INFO perfrun.launcher <> - plugin [] was disabled because it doesn't support the given collection type.
60 [4129454784] INFO perfrun.launcher <> - plugin [] was disabled because it doesn't support the given collection type.
60 [4129454784] INFO perfrun.launcher <> - plugin [] was disabled because it doesn't support the given collection type.
60 [4129454784] INFO perfrun.launcher <> - plugin [] was disabled because it doesn't support the given collection type.
60 [4129454784] INFO perfrun.launcher <> - plugin [] was disabled because it doesn't support the given collection type.
60 [4129454784] INFO perfrun.launcher <> - plugin [] was disabled because it doesn't support the given collection type.
60 [4129454784] INFO perfrun.launcher <> - plugin [] was disabled because it doesn't support the given collection type.
60 [4129454784] INFO perfrun.launcher <> - plugin [] was disabled because it doesn't support the given collection type.
60 [4129454784] INFO perfrun.launcher <> - plugin [] was disabled because it doesn't support the given collection type.
60 [4129454784] INFO perfrun.launcher <> - plugin [] was disabled because it doesn't support the given collection type.
60 [4129454784] INFO perfrun.launcher <> - plugin [] was disabled because it doesn't support the given collection type.
60 [4129454784] INFO perfrun.launcher <> - plugin [] was disabled because it doesn't support the given collection type.
60 [4129454784] INFO perfrun.launcher <> - plugin [] was disabled because it doesn't support the given collection type.
60 [4129454784] INFO perfrun.launcher <> - plugin [] was disabled because it doesn't support the given collection type.
60 [4129454784] INFO perfrun.launcher <> - plugin [] was disabled because it doesn't support the given collection type.
60 [4129454784] INFO perfrun.launcher <> - plugin [] was disabled because it doesn't support the given collection type.
60 [4129454784] INFO perfrun.launcher <> - plugin [] was disabled because it doesn't support the given collection type.
60 [4129454784] INFO perfrun.launcher <> - plugin [] was disabled because it doesn't support the given collection type.
60 [4129454784] INFO perfrun.launcher <> - plugin [] was disabled because it doesn't support the given collection type.
60 [4129454784] INFO perfrun.launcher <> - plugin [] was disabled because it doesn't support the given collection type.
60 [4129454784] INFO perfrun.launcher <> - plugin [] was disabled because it doesn't support the given collection type.
60 [4129454784] INFO perfrun.launcher <> - plugin [] was disabled because it doesn't support the given collection type.
60 [4129999424] INFO perfrun.launcher <> - Application exit code: 0
60 [4129999424] INFO perfrun.launcher <> - Exit code: 0
